<?xml version="1.0" encoding="UTF-8"?>
<testng-results ignored="0" total="7" passed="7" failed="0" skipped="0">
  <reporter-output>
  </reporter-output>
  <suite started-at="2023-09-28T10:40:46 IST" name="Default suite" finished-at="2023-09-28T10:42:56 IST" duration-ms="129746">
    <groups>
    </groups>
    <test started-at="2023-09-28T10:40:46 IST" name="Default test" finished-at="2023-09-28T10:42:56 IST" duration-ms="129746">
      <class name="com.Tcarts_FPO.Tcarts_FPO_Demo">
        <test-method is-config="true" signature="startTest()[pri:0, instance:com.Tcarts_FPO.Tcarts_FPO_Demo@45f24169]" started-at="2023-09-28T10:40:46 IST" name="startTest" finished-at="2023-09-28T10:40:46 IST" duration-ms="64" status="PASS">
          <reporter-output>
          </reporter-output>
        </test-method> <!-- startTest -->
        <test-method signature="setUp()[pri:0, instance:com.Tcarts_FPO.Tcarts_FPO_Demo@45f24169]" started-at="2023-09-28T10:40:46 IST" name="setUp" finished-at="2023-09-28T10:40:47 IST" duration-ms="1489" status="PASS">
          <reporter-output>
          </reporter-output>
        </test-method> <!-- setUp -->
        <test-method signature="login()[pri:0, instance:com.Tcarts_FPO.Tcarts_FPO_Demo@45f24169]" started-at="2023-09-28T10:40:47 IST" name="login" finished-at="2023-09-28T10:40:50 IST" depends-on-methods="com.Tcarts_FPO.Tcarts_FPO_Demo.setUp" duration-ms="2240" status="PASS">
          <reporter-output>
          </reporter-output>
        </test-method> <!-- login -->
        <test-method signature="dashboard()[pri:1, instance:com.Tcarts_FPO.Tcarts_FPO_Demo@45f24169]" started-at="2023-09-28T10:40:50 IST" name="dashboard" finished-at="2023-09-28T10:40:59 IST" duration-ms="9688" status="PASS">
          <reporter-output>
          </reporter-output>
        </test-method> <!-- dashboard -->
        <test-method signature="sales()[pri:2, instance:com.Tcarts_FPO.Tcarts_FPO_Demo@45f24169]" started-at="2023-09-28T10:40:59 IST" name="sales" finished-at="2023-09-28T10:41:01 IST" duration-ms="1621" status="PASS">
          <reporter-output>
          </reporter-output>
        </test-method> <!-- sales -->
        <test-method signature="receipts()[pri:0, instance:com.Tcarts_FPO.Tcarts_FPO_Demo@45f24169]" started-at="2023-09-28T10:41:01 IST" name="receipts" finished-at="2023-09-28T10:42:37 IST" depends-on-methods="com.Tcarts_FPO.Tcarts_FPO_Demo.sales" duration-ms="95506" status="PASS">
          <reporter-output>
          </reporter-output>
        </test-method> <!-- receipts -->
        <test-method signature="appFeedback()[pri:3, instance:com.Tcarts_FPO.Tcarts_FPO_Demo@45f24169]" started-at="2023-09-28T10:42:37 IST" name="appFeedback" finished-at="2023-09-28T10:42:51 IST" duration-ms="14644" status="PASS">
          <reporter-output>
          </reporter-output>
        </test-method> <!-- appFeedback -->
        <test-method signature="tearDown()[pri:4, instance:com.Tcarts_FPO.Tcarts_FPO_Demo@45f24169]" started-at="2023-09-28T10:42:51 IST" name="tearDown" finished-at="2023-09-28T10:42:56 IST" duration-ms="4345" status="PASS">
          <reporter-output>
          </reporter-output>
        </test-method> <!-- tearDown -->
        <test-method is-config="true" signature="endTest()[pri:0, instance:com.Tcarts_FPO.Tcarts_FPO_Demo@45f24169]" started-at="2023-09-28T10:42:56 IST" name="endTest" finished-at="2023-09-28T10:42:56 IST" duration-ms="114" status="PASS">
          <reporter-output>
          </reporter-output>
        </test-method> <!-- endTest -->
      </class> <!-- com.Tcarts_FPO.Tcarts_FPO_Demo -->
    </test> <!-- Default test -->
  </suite> <!-- Default suite -->
</testng-results>
