<?xml version="1.0" encoding="UTF-8"?>
<!-- Generated by org.testng.reporters.JUnitReportReporter -->
<testsuite hostname="st-Precision-3530" failures="0" tests="7" name="com.Tcarts_FPO.Tcarts_FPO_Demo" time="129.533" errors="0" timestamp="2023-09-28T10:42:56 IST" skipped="0">
  <testcase classname="com.Tcarts_FPO.Tcarts_FPO_Demo" name="login" time="2.240"/>
  <testcase classname="com.Tcarts_FPO.Tcarts_FPO_Demo" name="setUp" time="1.489"/>
  <testcase classname="com.Tcarts_FPO.Tcarts_FPO_Demo" name="receipts" time="95.506"/>
  <testcase classname="com.Tcarts_FPO.Tcarts_FPO_Demo" name="dashboard" time="9.688"/>
  <testcase classname="com.Tcarts_FPO.Tcarts_FPO_Demo" name="sales" time="1.621"/>
  <testcase classname="com.Tcarts_FPO.Tcarts_FPO_Demo" name="appFeedback" time="14.644"/>
  <testcase classname="com.Tcarts_FPO.Tcarts_FPO_Demo" name="tearDown" time="4.345"/>
</testsuite> <!-- com.Tcarts_FPO.Tcarts_FPO_Demo -->
